2018-03-22 19:57:28: Connected to ~Pedro\IdeaProjects: C: NTFS: type=NTFS vol= flags=3E706FF
2018-03-22 19:57:30: Connected to gdrive://www.googleapis.com/IDEA Projects
2018-03-22 19:57:31: -- Analysis Started by User Command
2018-03-22 19:57:31: IDEA backup: ANALYSIS started by User Command on 'DESKTOP-1F1IJAA' (GoodSync 10.8.1.6)
2018-03-22 19:57:31: ~Pedro\IdeaProjects (C:/Users/Pedro/IdeaProjects) [TmpDest] =NoPropDels=> gdrive://www.googleapis.com/IDEA Projects [DirDest], RecycleTo_RecycleBin, SaveDays_RecycleBin=30d, ReconnectSecs=120, ChangeLimit=50, LinksIgnore
2018-03-22 19:57:31: Exclude Hidden, Exclude System, Exclude .DS_Store|/System Volume Information|Thumbs.db|name *._gstmp 
2018-03-22 19:57:31: L: Reading State File C:/Users/Pedro/IdeaProjects/_gsdata_/_file_state_v4._gs
2018-03-22 19:57:31: L: C:/Users/Pedro/IdeaProjects/_gsdata_/_file_state_v4._gs: created By: IDEA backup.Pedro@DESKTOP-1F1IJAA at: 2018.03.22 19:54:54 Russia TZ 2 Standard Time
2018-03-22 19:57:31: L: Files: 178 (excluded 0). Folders: 123 (excluded 1). Times (s): Folder Scan: 0.047 (6425 f/s), Compare: 0.000 C: NTFS Free: 33.2 GB, Total: 237 GB
2018-03-22 19:57:32: R: Reading State File gdrive://www.googleapis.com/IDEA Projects/_gsdata_/_file_state_v4._gs
2018-03-22 19:57:33: R: gdrive://www.googleapis.com/IDEA Projects/_gsdata_/_file_state_v4._gs: created By: IDEA backup.Pedro@DESKTOP-1F1IJAA at: 2018.03.22 19:54:54 Russia TZ 2 Standard Time
2018-03-22 19:58:10: R: Files: 134 (excluded 0). Folders: 128 (excluded 1). Times (s): Folder Scan: 38.996 (6 f/s), Compare: 0.016 Петр_Онущенко-0ANuEhgqY7CcyUk9PVA Free: 5.85 GB, Total: 15.0 GB
2018-03-22 19:58:10: Do Not Propagate Deletions: 1-way deletions reverted: 1
2018-03-22 19:58:10: /Creative/.idea/misc.xml: Warning: Older file to replace Newer file
2018-03-22 19:58:10: /Creative/.idea/modules.xml: Warning: Older file to replace Newer file
2018-03-22 19:58:10: /Creative/Creative.iml: Warning: Older file to replace Newer file
2018-03-22 19:58:10: On disk file:///C: space required for sync is 0 bytes, you have 33.2 GB
2018-03-22 19:58:10: On disk gdrive://www.googleapis.com space required for sync is 402 KB, you have 5.85 GB
2018-03-22 19:58:11: Changes: 80, Conflicts: 0, CopyTime: 0, FixState: 0, Errors: 0, All: 326
2018-03-22 19:58:11: Left to Right: Copy File: 80 
2018-03-22 19:58:11: -- Analysis Complete. Time 00:00:42, Speed: 7 files/s
2018-03-22 19:58:11: 
2018-03-22 19:58:22: Connected to ~Pedro\IdeaProjects: C: NTFS: type=NTFS vol= flags=3E706FF
2018-03-22 19:58:22: Connected to gdrive://www.googleapis.com/IDEA Projects
2018-03-22 19:58:22: == Sync Started by User Command
2018-03-22 19:58:22: IDEA backup: SYNC started by User Command on 'DESKTOP-1F1IJAA'
2018-03-22 19:58:22: ~Pedro\IdeaProjects (C:/Users/Pedro/IdeaProjects) [TmpDest] =NoPropDels=> gdrive://www.googleapis.com/IDEA Projects [DirDest], RecycleTo_RecycleBin, SaveDays_RecycleBin=30d, ReconnectSecs=120, ChangeLimit=50, LinksIgnore
2018-03-22 19:58:22: Locking folder C:/Users/Pedro/IdeaProjects for write
2018-03-22 19:58:22: Locking folder gdrive://www.googleapis.com/IDEA Projects for write
2018-03-22 19:58:26: Create Folder 'gdrive://www.googleapis.com/IDEA Projects/Notepad/out/production/Notepad/com/intellij'
2018-03-22 19:58:26: Create Folder 'gdrive://www.googleapis.com/IDEA Projects/Notepad/out/production/Notepad/com/intellij/uiDesigner'
2018-03-22 19:58:28: Create Folder 'gdrive://www.googleapis.com/IDEA Projects/Notepad/out/production/Notepad/com/intellij/uiDesigner/core'
2018-03-22 19:58:30: Load Recycled DB: gdrive://www.googleapis.com/IDEA Projects/_gsdata_/_recycled_db._gs
2018-03-22 19:58:32: Copy Over 'C:/Users/Pedro/IdeaProjects/blabla/.idea/workspace.xml' -> 'gdrive://www.googleapis.com/IDEA Projects/blabla/.idea/workspace.xml' (31,356)
2018-03-22 19:58:38: Copy Over 'C:/Users/Pedro/IdeaProjects/City/.idea/workspace.xml' -> 'gdrive://www.googleapis.com/IDEA Projects/City/.idea/workspace.xml' (22,618)
2018-03-22 19:58:40: Copy New 'C:/Users/Pedro/IdeaProjects/City/src/City.java' -> 'gdrive://www.googleapis.com/IDEA Projects/City/src/City.java' (309)
2018-03-22 19:58:46: Copy New 'C:/Users/Pedro/IdeaProjects/City/src/Kupchino.java' -> 'gdrive://www.googleapis.com/IDEA Projects/City/src/Kupchino.java' (140)
2018-03-22 19:58:48: Copy New 'C:/Users/Pedro/IdeaProjects/City/src/Main.java' -> 'gdrive://www.googleapis.com/IDEA Projects/City/src/Main.java' (207)
2018-03-22 19:58:50: Copy New 'C:/Users/Pedro/IdeaProjects/City/src/Moscow.java' -> 'gdrive://www.googleapis.com/IDEA Projects/City/src/Moscow.java' (132)
2018-03-22 19:58:52: Copy New 'C:/Users/Pedro/IdeaProjects/City/src/STPete.java' -> 'gdrive://www.googleapis.com/IDEA Projects/City/src/STPete.java' (312)
2018-03-22 19:58:57: Copy Over 'C:/Users/Pedro/IdeaProjects/Creative/.idea/misc.xml' -> 'gdrive://www.googleapis.com/IDEA Projects/Creative/.idea/misc.xml' (273)
2018-03-22 19:59:01: Copy Over 'C:/Users/Pedro/IdeaProjects/Creative/.idea/modules.xml' -> 'gdrive://www.googleapis.com/IDEA Projects/Creative/.idea/modules.xml' (256)
2018-03-22 19:59:04: Copy Over 'C:/Users/Pedro/IdeaProjects/Creative/.idea/workspace.xml' -> 'gdrive://www.googleapis.com/IDEA Projects/Creative/.idea/workspace.xml' (17,445)
2018-03-22 19:59:09: Copy Over 'C:/Users/Pedro/IdeaProjects/Creative/Creative.iml' -> 'gdrive://www.googleapis.com/IDEA Projects/Creative/Creative.iml' (423)
2018-03-22 19:59:13: Copy Over 'C:/Users/Pedro/IdeaProjects/Creative/out/production/Creative/Analysis.class' -> 'gdrive://www.googleapis.com/IDEA Projects/Creative/out/production/Creative/Analysis.class' (1,810)
2018-03-22 19:59:17: Copy Over 'C:/Users/Pedro/IdeaProjects/Creative/src/Analysis.java' -> 'gdrive://www.googleapis.com/IDEA Projects/Creative/src/Analysis.java' (1,558)
2018-03-22 19:59:30: Copy Over 'C:/Users/Pedro/IdeaProjects/DaVinci/.idea/workspace.xml' -> 'gdrive://www.googleapis.com/IDEA Projects/DaVinci/.idea/workspace.xml' (16,879)
2018-03-22 19:59:37: Copy Over 'C:/Users/Pedro/IdeaProjects/DaVinci/out/production/DaVinci/Fibonacci.class' -> 'gdrive://www.googleapis.com/IDEA Projects/DaVinci/out/production/DaVinci/Fibonacci.class' (1,020)
2018-03-22 19:59:42: Copy Over 'C:/Users/Pedro/IdeaProjects/DaVinci/src/Fibonacci.java' -> 'gdrive://www.googleapis.com/IDEA Projects/DaVinci/src/Fibonacci.java' (682)
2018-03-22 19:59:48: Copy Over 'C:/Users/Pedro/IdeaProjects/Factorial/.idea/workspace.xml' -> 'gdrive://www.googleapis.com/IDEA Projects/Factorial/.idea/workspace.xml' (17,296)
2018-03-22 19:59:50: Copy New 'C:/Users/Pedro/IdeaProjects/Mammals/.idea/misc.xml' -> 'gdrive://www.googleapis.com/IDEA Projects/Mammals/.idea/misc.xml' (273)
2018-03-22 19:59:52: Copy New 'C:/Users/Pedro/IdeaProjects/Mammals/.idea/modules.xml' -> 'gdrive://www.googleapis.com/IDEA Projects/Mammals/.idea/modules.xml' (254)
2018-03-22 19:59:55: Copy New 'C:/Users/Pedro/IdeaProjects/Mammals/.idea/workspace.xml' -> 'gdrive://www.googleapis.com/IDEA Projects/Mammals/.idea/workspace.xml' (19,570)
2018-03-22 19:59:57: Copy New 'C:/Users/Pedro/IdeaProjects/Mammals/Mammals.iml' -> 'gdrive://www.googleapis.com/IDEA Projects/Mammals/Mammals.iml' (423)
2018-03-22 19:59:59: Copy New 'C:/Users/Pedro/IdeaProjects/Mammals/src/African.java' -> 'gdrive://www.googleapis.com/IDEA Projects/Mammals/src/African.java' (139)
2018-03-22 20:00:01: Copy New 'C:/Users/Pedro/IdeaProjects/Mammals/src/Elephants.java' -> 'gdrive://www.googleapis.com/IDEA Projects/Mammals/src/Elephants.java' (127)
2018-03-22 20:00:03: Copy New 'C:/Users/Pedro/IdeaProjects/Mammals/src/Indian.java' -> 'gdrive://www.googleapis.com/IDEA Projects/Mammals/src/Indian.java' (128)
2018-03-22 20:00:05: Copy New 'C:/Users/Pedro/IdeaProjects/Mammals/src/main.java' -> 'gdrive://www.googleapis.com/IDEA Projects/Mammals/src/main.java' (246)
2018-03-22 20:00:07: Copy New 'C:/Users/Pedro/IdeaProjects/Mammals/src/Mammals.java' -> 'gdrive://www.googleapis.com/IDEA Projects/Mammals/src/Mammals.java' (281)
2018-03-22 20:00:12: Copy Over 'C:/Users/Pedro/IdeaProjects/Matrix/.idea/workspace.xml' -> 'gdrive://www.googleapis.com/IDEA Projects/Matrix/.idea/workspace.xml' (17,131)
2018-03-22 20:00:14: Copy New 'C:/Users/Pedro/IdeaProjects/Notepad/.idea/compiler.xml' -> 'gdrive://www.googleapis.com/IDEA Projects/Notepad/.idea/compiler.xml' (734)
2018-03-22 20:00:16: Copy New 'C:/Users/Pedro/IdeaProjects/Notepad/.idea/description.html' -> 'gdrive://www.googleapis.com/IDEA Projects/Notepad/.idea/description.html' (189)
2018-03-22 20:00:19: Copy New 'C:/Users/Pedro/IdeaProjects/Notepad/.idea/encodings.xml' -> 'gdrive://www.googleapis.com/IDEA Projects/Notepad/.idea/encodings.xml' (171)
2018-03-22 20:00:21: Copy New 'C:/Users/Pedro/IdeaProjects/Notepad/.idea/gradle.xml' -> 'gdrive://www.googleapis.com/IDEA Projects/Notepad/.idea/gradle.xml' (218)
2018-03-22 20:00:23: Copy New 'C:/Users/Pedro/IdeaProjects/Notepad/.idea/misc.xml' -> 'gdrive://www.googleapis.com/IDEA Projects/Notepad/.idea/misc.xml' (489)
2018-03-22 20:00:25: Copy New 'C:/Users/Pedro/IdeaProjects/Notepad/.idea/modules.xml' -> 'gdrive://www.googleapis.com/IDEA Projects/Notepad/.idea/modules.xml' (261)
2018-03-22 20:00:31: Copy New 'C:/Users/Pedro/IdeaProjects/Notepad/.idea/uiDesigner.xml' -> 'gdrive://www.googleapis.com/IDEA Projects/Notepad/.idea/uiDesigner.xml' (8,915)
2018-03-22 20:00:33: Copy New 'C:/Users/Pedro/IdeaProjects/Notepad/.idea/vcs.xml' -> 'gdrive://www.googleapis.com/IDEA Projects/Notepad/.idea/vcs.xml' (173)
2018-03-22 20:00:35: Copy New 'C:/Users/Pedro/IdeaProjects/Notepad/.idea/workspace.xml' -> 'gdrive://www.googleapis.com/IDEA Projects/Notepad/.idea/workspace.xml' (37,808)
2018-03-22 20:00:38: Copy New 'C:/Users/Pedro/IdeaProjects/Notepad/Notepad.iml' -> 'gdrive://www.googleapis.com/IDEA Projects/Notepad/Notepad.iml' (437)
2018-03-22 20:00:40: Copy New 'C:/Users/Pedro/IdeaProjects/Notepad/out/production/Notepad/com/intellij/uiDesigner/core/AbstractLayout.class' -> 'gdrive://www.googleapis.com/IDEA Projects/Notepad/out/production/Notepad/com/intellij/uiDesigner/core/AbstractLayout.class' (5,033)
2018-03-22 20:00:42: Copy New 'C:/Users/Pedro/IdeaProjects/Notepad/out/production/Notepad/com/intellij/uiDesigner/core/DimensionInfo.class' -> 'gdrive://www.googleapis.com/IDEA Projects/Notepad/out/production/Notepad/com/intellij/uiDesigner/core/DimensionInfo.class' (6,115)
2018-03-22 20:00:48: Copy New 'C:/Users/Pedro/IdeaProjects/Notepad/out/production/Notepad/com/intellij/uiDesigner/core/GridConstraints.class' -> 'gdrive://www.googleapis.com/IDEA Projects/Notepad/out/production/Notepad/com/intellij/uiDesigner/core/GridConstraints.class' (8,089)
2018-03-22 20:00:50: Copy New 'C:/Users/Pedro/IdeaProjects/Notepad/out/production/Notepad/com/intellij/uiDesigner/core/GridLayoutManager.class' -> 'gdrive://www.googleapis.com/IDEA Projects/Notepad/out/production/Notepad/com/intellij/uiDesigner/core/GridLayoutManager.class' (17,981)
2018-03-22 20:00:52: Copy New 'C:/Users/Pedro/IdeaProjects/Notepad/out/production/Notepad/com/intellij/uiDesigner/core/HorizontalInfo.class' -> 'gdrive://www.googleapis.com/IDEA Projects/Notepad/out/production/Notepad/com/intellij/uiDesigner/core/HorizontalInfo.class' (2,140)
2018-03-22 20:00:54: Copy New 'C:/Users/Pedro/IdeaProjects/Notepad/out/production/Notepad/com/intellij/uiDesigner/core/LayoutState.class' -> 'gdrive://www.googleapis.com/IDEA Projects/Notepad/out/production/Notepad/com/intellij/uiDesigner/core/LayoutState.class' (2,135)
2018-03-22 20:00:56: Copy New 'C:/Users/Pedro/IdeaProjects/Notepad/out/production/Notepad/com/intellij/uiDesigner/core/Spacer.class' -> 'gdrive://www.googleapis.com/IDEA Projects/Notepad/out/production/Notepad/com/intellij/uiDesigner/core/Spacer.class' (547)
2018-03-22 20:00:58: Copy New 'C:/Users/Pedro/IdeaProjects/Notepad/out/production/Notepad/com/intellij/uiDesigner/core/SupportCode$TextWithMnemonic.class' -> 'gdrive://www.googleapis.com/IDEA Projects/Notepad/out/production/Notepad/com/intellij/uiDesigner/core/SupportCode$TextWithMnemonic.class' (1,663)
2018-03-22 20:01:00: Copy New 'C:/Users/Pedro/IdeaProjects/Notepad/out/production/Notepad/com/intellij/uiDesigner/core/SupportCode.class' -> 'gdrive://www.googleapis.com/IDEA Projects/Notepad/out/production/Notepad/com/intellij/uiDesigner/core/SupportCode.class' (2,032)
2018-03-22 20:01:02: Copy New 'C:/Users/Pedro/IdeaProjects/Notepad/out/production/Notepad/com/intellij/uiDesigner/core/Util.class' -> 'gdrive://www.googleapis.com/IDEA Projects/Notepad/out/production/Notepad/com/intellij/uiDesigner/core/Util.class' (3,551)
2018-03-22 20:01:04: Copy New 'C:/Users/Pedro/IdeaProjects/Notepad/out/production/Notepad/com/intellij/uiDesigner/core/VerticalInfo.class' -> 'gdrive://www.googleapis.com/IDEA Projects/Notepad/out/production/Notepad/com/intellij/uiDesigner/core/VerticalInfo.class' (2,127)
2018-03-22 20:01:07: Copy New 'C:/Users/Pedro/IdeaProjects/Notepad/out/production/Notepad/sample/Controller.class' -> 'gdrive://www.googleapis.com/IDEA Projects/Notepad/out/production/Notepad/sample/Controller.class' (269)
2018-03-22 20:01:09: Copy New 'C:/Users/Pedro/IdeaProjects/Notepad/out/production/Notepad/sample/sample.fxml' -> 'gdrive://www.googleapis.com/IDEA Projects/Notepad/out/production/Notepad/sample/sample.fxml' (298)
2018-03-22 20:01:11: Copy New 'C:/Users/Pedro/IdeaProjects/Notepad/src/Notepad_Killer.form' -> 'gdrive://www.googleapis.com/IDEA Projects/Notepad/src/Notepad_Killer.form' (2,188)
2018-03-22 20:01:13: Copy New 'C:/Users/Pedro/IdeaProjects/Notepad/src/Notepad_Killer.java' -> 'gdrive://www.googleapis.com/IDEA Projects/Notepad/src/Notepad_Killer.java' (207)
2018-03-22 20:01:23: Copy New 'C:/Users/Pedro/IdeaProjects/Notepad/src/sample/Controller.java' -> 'gdrive://www.googleapis.com/IDEA Projects/Notepad/src/sample/Controller.java' (49)
2018-03-22 20:01:25: Copy New 'C:/Users/Pedro/IdeaProjects/Notepad/src/sample/Main.java' -> 'gdrive://www.googleapis.com/IDEA Projects/Notepad/src/sample/Main.java' (599)
2018-03-22 20:01:27: Copy New 'C:/Users/Pedro/IdeaProjects/Notepad/src/sample/sample.fxml' -> 'gdrive://www.googleapis.com/IDEA Projects/Notepad/src/sample/sample.fxml' (298)
2018-03-22 20:01:29: Copy New 'C:/Users/Pedro/IdeaProjects/Skobki/.idea/misc.xml' -> 'gdrive://www.googleapis.com/IDEA Projects/Skobki/.idea/misc.xml' (273)
2018-03-22 20:01:31: Copy New 'C:/Users/Pedro/IdeaProjects/Skobki/.idea/modules.xml' -> 'gdrive://www.googleapis.com/IDEA Projects/Skobki/.idea/modules.xml' (252)
2018-03-22 20:01:33: Copy New 'C:/Users/Pedro/IdeaProjects/Skobki/.idea/workspace.xml' -> 'gdrive://www.googleapis.com/IDEA Projects/Skobki/.idea/workspace.xml' (16,111)
2018-03-22 20:01:36: Copy New 'C:/Users/Pedro/IdeaProjects/Skobki/out/production/Skobki/Skobki.class' -> 'gdrive://www.googleapis.com/IDEA Projects/Skobki/out/production/Skobki/Skobki.class' (1,112)
2018-03-22 20:01:38: Copy New 'C:/Users/Pedro/IdeaProjects/Skobki/Skobki.iml' -> 'gdrive://www.googleapis.com/IDEA Projects/Skobki/Skobki.iml' (423)
2018-03-22 20:01:40: Copy New 'C:/Users/Pedro/IdeaProjects/Skobki/src/Skobki.java' -> 'gdrive://www.googleapis.com/IDEA Projects/Skobki/src/Skobki.java' (664)
2018-03-22 20:01:43: Copy New 'C:/Users/Pedro/IdeaProjects/UI_101/.idea/uiDesigner.xml' -> 'gdrive://www.googleapis.com/IDEA Projects/UI_101/.idea/uiDesigner.xml' (8,792)
2018-03-22 20:01:49: Copy Over 'C:/Users/Pedro/IdeaProjects/UI_101/.idea/workspace.xml' -> 'gdrive://www.googleapis.com/IDEA Projects/UI_101/.idea/workspace.xml' (27,139)
2018-03-22 20:01:51: Copy New 'C:/Users/Pedro/IdeaProjects/UI_101/out/production/UI_101/com/intellij/uiDesigner/core/AbstractLayout.class' -> 'gdrive://www.googleapis.com/IDEA Projects/UI_101/out/production/UI_101/com/intellij/uiDesigner/core/AbstractLayout.class' (5,033)
2018-03-22 20:01:53: Copy New 'C:/Users/Pedro/IdeaProjects/UI_101/out/production/UI_101/com/intellij/uiDesigner/core/DimensionInfo.class' -> 'gdrive://www.googleapis.com/IDEA Projects/UI_101/out/production/UI_101/com/intellij/uiDesigner/core/DimensionInfo.class' (6,115)
2018-03-22 20:01:55: Copy New 'C:/Users/Pedro/IdeaProjects/UI_101/out/production/UI_101/com/intellij/uiDesigner/core/GridConstraints.class' -> 'gdrive://www.googleapis.com/IDEA Projects/UI_101/out/production/UI_101/com/intellij/uiDesigner/core/GridConstraints.class' (8,089)
2018-03-22 20:01:57: Copy New 'C:/Users/Pedro/IdeaProjects/UI_101/out/production/UI_101/com/intellij/uiDesigner/core/GridLayoutManager.class' -> 'gdrive://www.googleapis.com/IDEA Projects/UI_101/out/production/UI_101/com/intellij/uiDesigner/core/GridLayoutManager.class' (17,981)
2018-03-22 20:02:00: Copy New 'C:/Users/Pedro/IdeaProjects/UI_101/out/production/UI_101/com/intellij/uiDesigner/core/HorizontalInfo.class' -> 'gdrive://www.googleapis.com/IDEA Projects/UI_101/out/production/UI_101/com/intellij/uiDesigner/core/HorizontalInfo.class' (2,140)
2018-03-22 20:02:02: Copy New 'C:/Users/Pedro/IdeaProjects/UI_101/out/production/UI_101/com/intellij/uiDesigner/core/LayoutState.class' -> 'gdrive://www.googleapis.com/IDEA Projects/UI_101/out/production/UI_101/com/intellij/uiDesigner/core/LayoutState.class' (2,135)
2018-03-22 20:02:04: Copy New 'C:/Users/Pedro/IdeaProjects/UI_101/out/production/UI_101/com/intellij/uiDesigner/core/Spacer.class' -> 'gdrive://www.googleapis.com/IDEA Projects/UI_101/out/production/UI_101/com/intellij/uiDesigner/core/Spacer.class' (547)
2018-03-22 20:02:07: Copy New 'C:/Users/Pedro/IdeaProjects/UI_101/out/production/UI_101/com/intellij/uiDesigner/core/SupportCode$TextWithMnemonic.class' -> 'gdrive://www.googleapis.com/IDEA Projects/UI_101/out/production/UI_101/com/intellij/uiDesigner/core/SupportCode$TextWithMnemonic.class' (1,663)
2018-03-22 20:02:09: Copy New 'C:/Users/Pedro/IdeaProjects/UI_101/out/production/UI_101/com/intellij/uiDesigner/core/SupportCode.class' -> 'gdrive://www.googleapis.com/IDEA Projects/UI_101/out/production/UI_101/com/intellij/uiDesigner/core/SupportCode.class' (2,032)
2018-03-22 20:02:11: Copy New 'C:/Users/Pedro/IdeaProjects/UI_101/out/production/UI_101/com/intellij/uiDesigner/core/Util.class' -> 'gdrive://www.googleapis.com/IDEA Projects/UI_101/out/production/UI_101/com/intellij/uiDesigner/core/Util.class' (3,551)
2018-03-22 20:02:13: Copy New 'C:/Users/Pedro/IdeaProjects/UI_101/out/production/UI_101/com/intellij/uiDesigner/core/VerticalInfo.class' -> 'gdrive://www.googleapis.com/IDEA Projects/UI_101/out/production/UI_101/com/intellij/uiDesigner/core/VerticalInfo.class' (2,127)
2018-03-22 20:02:20: Copy Over 'C:/Users/Pedro/IdeaProjects/UI_101/out/production/UI_101/MyUI$1.class' -> 'gdrive://www.googleapis.com/IDEA Projects/UI_101/out/production/UI_101/MyUI$1.class' (1,262)
2018-03-22 20:02:23: Copy Over 'C:/Users/Pedro/IdeaProjects/UI_101/out/production/UI_101/MyUI.class' -> 'gdrive://www.googleapis.com/IDEA Projects/UI_101/out/production/UI_101/MyUI.class' (1,783)
2018-03-22 20:02:28: Copy Over 'C:/Users/Pedro/IdeaProjects/UI_101/src/MyUI.java' -> 'gdrive://www.googleapis.com/IDEA Projects/UI_101/src/MyUI.java' (1,391)
2018-03-22 20:02:28: Save State File C:/Users/Pedro/IdeaProjects/_gsdata_/_file_state_v4._gs
2018-03-22 20:02:29: Save State File gdrive://www.googleapis.com/IDEA Projects/_gsdata_/_file_state_v4._gs
2018-03-22 20:02:30: Cleanup recycled files in C:/Users/Pedro/IdeaProjects/_gsdata_/_saved_
2018-03-22 20:02:30: Cleanup old logs in C:/Users/Pedro/IdeaProjects/_gsdata_
2018-03-22 20:02:30: Delete log file C:/Users/Pedro/IdeaProjects/_gsdata_/2018-0312-115314-DESKTOP-1F1IJAA-IDEA backup.log
2018-03-22 20:02:30: Delete log file C:/Users/Pedro/IdeaProjects/_gsdata_/2018-0312-115904-DESKTOP-1F1IJAA-IDEA backup.log
2018-03-22 20:02:30: Cleanup recycled files in gdrive://www.googleapis.com/IDEA Projects/_gsdata_/_saved_
2018-03-22 20:02:31: Save Recycled DB: gdrive://www.googleapis.com/IDEA Projects/_gsdata_/_recycled_db._gs
2018-03-22 20:02:31: Cleanup old logs in gdrive://www.googleapis.com/IDEA Projects/_gsdata_
2018-03-22 20:02:32: Delete log file gdrive://www.googleapis.com/IDEA Projects/_gsdata_/2018-0312-200851-MARIABM-idea.log
2018-03-22 20:02:33: Delete log file gdrive://www.googleapis.com/IDEA Projects/_gsdata_/2018-0312-115904-DESKTOP-1F1IJAA-IDEA backup.log
2018-03-22 20:02:34: Delete log file gdrive://www.googleapis.com/IDEA Projects/_gsdata_/2018-0312-115314-DESKTOP-1F1IJAA-IDEA backup.log
2018-03-22 20:02:34: == Sync Complete. Time: 00:04:12, Speed: 3.22 KB/s, OK: 80, Errors: 0
2018-03-22 20:02:34: Unlocking folder C:/Users/Pedro/IdeaProjects/_gsdata_/lock.gsl
2018-03-22 20:02:34: Unlocking folder gdrive://www.googleapis.com/IDEA Projects/_gsdata_/lock.gsl
2018-03-22 20:02:37: 
