2018-03-28 16:04:47: Connected to ~Pedro\IdeaProjects: C: NTFS: type=NTFS vol= flags=3E706FF
2018-03-28 16:05:00: Connected to gdrive://www.googleapis.com/IDEA Projects
2018-03-28 16:05:03: -- Analysis Started by User Command
2018-03-28 16:05:03: IDEA backup: ANALYSIS started by User Command on 'DESKTOP-1F1IJAA' (GoodSync 10.8.2.2)
2018-03-28 16:05:03: ~Pedro\IdeaProjects (C:/Users/Pedro/IdeaProjects) [TmpDest] =NoPropDels=> gdrive://www.googleapis.com/IDEA Projects [DirDest], RecycleTo_RecycleBin, SaveDays_RecycleBin=30d, ReconnectSecs=120, ChangeLimit=50, LinksIgnore
2018-03-28 16:05:03: Exclude Hidden, Exclude System, Exclude .DS_Store|/System Volume Information|Thumbs.db|name *._gstmp 
2018-03-28 16:05:03: L: Reading State File C:/Users/Pedro/IdeaProjects/_gsdata_/_file_state_v4._gs
2018-03-28 16:05:03: L: C:/Users/Pedro/IdeaProjects/_gsdata_/_file_state_v4._gs: created By: IDEA backup.Pedro@DESKTOP-1F1IJAA at: 2018.03.23 22:39:21 Russia TZ 2 Standard Time
2018-03-28 16:05:03: L: Files: 309 (excluded 0). Folders: 180 (excluded 1). Times (s): Folder Scan: 0.078 (6282 f/s), Compare: 0.017 C: NTFS Free: 58.9 GB, Total: 237 GB
2018-03-28 16:05:04: R: Reading State File gdrive://www.googleapis.com/IDEA Projects/_gsdata_/_file_state_v4._gs
2018-03-28 16:05:06: R: gdrive://www.googleapis.com/IDEA Projects/_gsdata_/_file_state_v4._gs: created By: IDEA backup.Pedro@DESKTOP-1F1IJAA at: 2018.03.23 22:39:21 Russia TZ 2 Standard Time
2018-03-28 16:06:27: R: Files: 306 (excluded 0). Folders: 179 (excluded 1). Times (s): Folder Scan: 83.979 (5 f/s), Compare: 0.005 Петр_Онущенко-0ANuEhgqY7CcyUk9PVA Free: 5.85 GB, Total: 15.0 GB
2018-03-28 16:06:27: Do Not Propagate Deletions: 1-way deletions reverted: 1
2018-03-28 16:06:28: On disk file:///C: space required for sync is 0 bytes, you have 58.9 GB
2018-03-28 16:06:28: On disk gdrive://www.googleapis.com space required for sync is 337 KB, you have 5.85 GB
2018-03-28 16:06:29: Changes: 37, Conflicts: 0, CopyTime: 0, FixState: 0, Errors: 0, All: 514
2018-03-28 16:06:29: Left to Right: Copy File: 37 
2018-03-28 16:06:29: -- Analysis Complete. Time 00:01:41, Speed: 12 files/s
2018-03-28 16:06:29: 
2018-03-28 16:07:13: Connected to ~Pedro\IdeaProjects: C: NTFS: type=NTFS vol= flags=3E706FF
2018-03-28 16:07:14: Connected to gdrive://www.googleapis.com/IDEA Projects
2018-03-28 16:07:14: == Sync Started by User Command
2018-03-28 16:07:14: IDEA backup: SYNC started by User Command on 'DESKTOP-1F1IJAA'
2018-03-28 16:07:14: ~Pedro\IdeaProjects (C:/Users/Pedro/IdeaProjects) [TmpDest] =NoPropDels=> gdrive://www.googleapis.com/IDEA Projects [DirDest], RecycleTo_RecycleBin, SaveDays_RecycleBin=30d, ReconnectSecs=120, ChangeLimit=50, LinksIgnore
2018-03-28 16:07:14: Locking folder C:/Users/Pedro/IdeaProjects for write
2018-03-28 16:07:14: Locking folder gdrive://www.googleapis.com/IDEA Projects for write
2018-03-28 16:07:21: Create Folder 'gdrive://www.googleapis.com/IDEA Projects/untitled3'
2018-03-28 16:07:22: Create Folder 'gdrive://www.googleapis.com/IDEA Projects/untitled3/.idea'
2018-03-28 16:07:23: Create Folder 'gdrive://www.googleapis.com/IDEA Projects/untitled3/.idea/artifacts'
2018-03-28 16:07:24: Create Folder 'gdrive://www.googleapis.com/IDEA Projects/untitled3/out'
2018-03-28 16:07:25: Create Folder 'gdrive://www.googleapis.com/IDEA Projects/untitled3/out/production'
2018-03-28 16:07:27: Create Folder 'gdrive://www.googleapis.com/IDEA Projects/untitled3/out/production/untitled3'
2018-03-28 16:07:28: Create Folder 'gdrive://www.googleapis.com/IDEA Projects/untitled3/out/production/untitled3/sample'
2018-03-28 16:07:29: Create Folder 'gdrive://www.googleapis.com/IDEA Projects/untitled3/src'
2018-03-28 16:07:30: Create Folder 'gdrive://www.googleapis.com/IDEA Projects/untitled3/src/sample'
2018-03-28 16:07:35: Load Recycled DB: gdrive://www.googleapis.com/IDEA Projects/_gsdata_/_recycled_db._gs
2018-03-28 16:07:38: Copy Over 'C:/Users/Pedro/IdeaProjects/GraphMaker/.idea/workspace.xml' -> 'gdrive://www.googleapis.com/IDEA Projects/GraphMaker/.idea/workspace.xml' (34,170)
2018-03-28 16:07:43: Copy Over 'C:/Users/Pedro/IdeaProjects/KILLER/.idea/workspace.xml' -> 'gdrive://www.googleapis.com/IDEA Projects/KILLER/.idea/workspace.xml' (37,780)
2018-03-28 16:07:52: Copy Over 'C:/Users/Pedro/IdeaProjects/KILLER/out/production/KILLER/sample/sample.fxml' -> 'gdrive://www.googleapis.com/IDEA Projects/KILLER/out/production/KILLER/sample/sample.fxml' (2,152)
2018-03-28 16:08:02: Copy Over 'C:/Users/Pedro/IdeaProjects/Notepad/.idea/workspace.xml' -> 'gdrive://www.googleapis.com/IDEA Projects/Notepad/.idea/workspace.xml' (39,685)
2018-03-28 16:08:09: Copy Over 'C:/Users/Pedro/IdeaProjects/NPD/.idea/workspace.xml' -> 'gdrive://www.googleapis.com/IDEA Projects/NPD/.idea/workspace.xml' (15,183)
2018-03-28 16:08:13: Copy Over 'C:/Users/Pedro/IdeaProjects/UI_101/.idea/workspace.xml' -> 'gdrive://www.googleapis.com/IDEA Projects/UI_101/.idea/workspace.xml' (28,198)
2018-03-28 16:08:22: Copy Over 'C:/Users/Pedro/IdeaProjects/untitled/.idea/workspace.xml' -> 'gdrive://www.googleapis.com/IDEA Projects/untitled/.idea/workspace.xml' (27,335)
2018-03-28 16:08:27: Copy Over 'C:/Users/Pedro/IdeaProjects/untitled1/.idea/workspace.xml' -> 'gdrive://www.googleapis.com/IDEA Projects/untitled1/.idea/workspace.xml' (39,620)
2018-03-28 16:08:34: Copy Over 'C:/Users/Pedro/IdeaProjects/untitled2/.idea/workspace.xml' -> 'gdrive://www.googleapis.com/IDEA Projects/untitled2/.idea/workspace.xml' (34,558)
2018-03-28 16:08:36: Copy New 'C:/Users/Pedro/IdeaProjects/untitled3/.idea/compiler.xml' -> 'gdrive://www.googleapis.com/IDEA Projects/untitled3/.idea/compiler.xml' (734)
2018-03-28 16:08:39: Copy New 'C:/Users/Pedro/IdeaProjects/untitled3/.idea/description.html' -> 'gdrive://www.googleapis.com/IDEA Projects/untitled3/.idea/description.html' (189)
2018-03-28 16:08:42: Copy New 'C:/Users/Pedro/IdeaProjects/untitled3/.idea/encodings.xml' -> 'gdrive://www.googleapis.com/IDEA Projects/untitled3/.idea/encodings.xml' (171)
2018-03-28 16:08:47: Copy New 'C:/Users/Pedro/IdeaProjects/untitled3/.idea/gradle.xml' -> 'gdrive://www.googleapis.com/IDEA Projects/untitled3/.idea/gradle.xml' (218)
2018-03-28 16:08:50: Copy New 'C:/Users/Pedro/IdeaProjects/untitled3/.idea/misc.xml' -> 'gdrive://www.googleapis.com/IDEA Projects/untitled3/.idea/misc.xml' (489)
2018-03-28 16:08:52: Copy New 'C:/Users/Pedro/IdeaProjects/untitled3/.idea/modules.xml' -> 'gdrive://www.googleapis.com/IDEA Projects/untitled3/.idea/modules.xml' (265)
2018-03-28 16:08:56: Copy New 'C:/Users/Pedro/IdeaProjects/untitled3/.idea/uiDesigner.xml' -> 'gdrive://www.googleapis.com/IDEA Projects/untitled3/.idea/uiDesigner.xml' (8,919)
2018-03-28 16:09:11: Copy New 'C:/Users/Pedro/IdeaProjects/untitled3/.idea/vcs.xml' -> 'gdrive://www.googleapis.com/IDEA Projects/untitled3/.idea/vcs.xml' (173)
2018-03-28 16:09:14: Copy New 'C:/Users/Pedro/IdeaProjects/untitled3/.idea/workspace.xml' -> 'gdrive://www.googleapis.com/IDEA Projects/untitled3/.idea/workspace.xml' (44,327)
2018-03-28 16:09:17: Copy New 'C:/Users/Pedro/IdeaProjects/untitled3/out/production/untitled3/sample/Controller.class' -> 'gdrive://www.googleapis.com/IDEA Projects/untitled3/out/production/untitled3/sample/Controller.class' (269)
2018-03-28 16:09:19: Copy New 'C:/Users/Pedro/IdeaProjects/untitled3/out/production/untitled3/sample/Main$1.class' -> 'gdrive://www.googleapis.com/IDEA Projects/untitled3/out/production/untitled3/sample/Main$1.class' (2,650)
2018-03-28 16:09:21: Copy New 'C:/Users/Pedro/IdeaProjects/untitled3/out/production/untitled3/sample/Main.class' -> 'gdrive://www.googleapis.com/IDEA Projects/untitled3/out/production/untitled3/sample/Main.class' (2,407)
2018-03-28 16:09:26: Copy New 'C:/Users/Pedro/IdeaProjects/untitled3/out/production/untitled3/sample/ResizableCanvas.class' -> 'gdrive://www.googleapis.com/IDEA Projects/untitled3/out/production/untitled3/sample/ResizableCanvas.class' (2,415)
2018-03-28 16:09:28: Copy New 'C:/Users/Pedro/IdeaProjects/untitled3/out/production/untitled3/sample/sample.fxml' -> 'gdrive://www.googleapis.com/IDEA Projects/untitled3/out/production/untitled3/sample/sample.fxml' (298)
2018-03-28 16:09:30: Copy New 'C:/Users/Pedro/IdeaProjects/untitled3/src/sample/Controller.java' -> 'gdrive://www.googleapis.com/IDEA Projects/untitled3/src/sample/Controller.java' (49)
2018-03-28 16:09:33: Copy New 'C:/Users/Pedro/IdeaProjects/untitled3/src/sample/Main.java' -> 'gdrive://www.googleapis.com/IDEA Projects/untitled3/src/sample/Main.java' (4,359)
2018-03-28 16:09:35: Copy New 'C:/Users/Pedro/IdeaProjects/untitled3/src/sample/ResizableCanvas.java' -> 'gdrive://www.googleapis.com/IDEA Projects/untitled3/src/sample/ResizableCanvas.java' (1,912)
2018-03-28 16:09:40: Copy New 'C:/Users/Pedro/IdeaProjects/untitled3/src/sample/sample.fxml' -> 'gdrive://www.googleapis.com/IDEA Projects/untitled3/src/sample/sample.fxml' (298)
2018-03-28 16:09:44: Copy New 'C:/Users/Pedro/IdeaProjects/untitled3/untitled3.iml' -> 'gdrive://www.googleapis.com/IDEA Projects/untitled3/untitled3.iml' (704)
2018-03-28 16:09:44: Save State File C:/Users/Pedro/IdeaProjects/_gsdata_/_file_state_v4._gs
2018-03-28 16:09:46: Save State File gdrive://www.googleapis.com/IDEA Projects/_gsdata_/_file_state_v4._gs
2018-03-28 16:09:46: Cleanup recycled files in C:/Users/Pedro/IdeaProjects/_gsdata_/_saved_
2018-03-28 16:09:46: Load Recycled DB: C:/Users/Pedro/IdeaProjects/_gsdata_/_recycled_db._gs
2018-03-28 16:09:46: Cleanup old logs in C:/Users/Pedro/IdeaProjects/_gsdata_
2018-03-28 16:09:46: Cleanup recycled files in gdrive://www.googleapis.com/IDEA Projects/_gsdata_/_saved_
2018-03-28 16:09:47: Save Recycled DB: gdrive://www.googleapis.com/IDEA Projects/_gsdata_/_recycled_db._gs
2018-03-28 16:09:47: Cleanup old logs in gdrive://www.googleapis.com/IDEA Projects/_gsdata_
2018-03-28 16:09:48: == Sync Complete. Time: 00:02:35, Speed: 3.39 KB/s, OK: 37, Errors: 0
2018-03-28 16:09:48: Unlocking folder C:/Users/Pedro/IdeaProjects/_gsdata_/lock.gsl
2018-03-28 16:09:48: Unlocking folder gdrive://www.googleapis.com/IDEA Projects/_gsdata_/lock.gsl
2018-03-28 16:09:50: 
